TN:
SF:dist/agent.info.js
FNF:0
FNH:0
DA:11,5
DA:12,5
DA:13,5
LF:3
LH:3
BRF:0
BRH:0
end_of_record
TN:
SF:dist/common/grpc-package.js
FN:9,(anonymous_0)
FN:28,(anonymous_1)
FN:31,(anonymous_2)
FN:34,(anonymous_3)
FN:35,(anonymous_4)
FN:37,(anonymous_5)
FN:50,(anonymous_6)
FN:67,(anonymous_7)
FN:74,(anonymous_8)
FNF:9
FNH:9
FNDA:100,(anonymous_0)
FNDA:1,(anonymous_1)
FNDA:91,(anonymous_2)
FNDA:46,(anonymous_3)
FNDA:184,(anonymous_4)
FNDA:120,(anonymous_5)
FNDA:108,(anonymous_6)
FNDA:2,(anonymous_7)
FNDA:2,(anonymous_8)
DA:3,6
DA:4,6
DA:5,6
DA:6,6
DA:7,6
DA:10,100
DA:11,100
DA:23,100
DA:24,100
DA:25,100
DA:26,100
DA:29,1
DA:32,91
DA:35,184
DA:38,120
DA:39,119
DA:40,0
DA:42,119
DA:43,1
DA:45,119
DA:51,108
DA:52,0
DA:54,108
DA:55,108
DA:56,108
DA:57,1
DA:59,107
DA:60,107
DA:61,107
DA:62,1
DA:64,106
DA:65,105
DA:68,2
DA:69,2
DA:70,1
DA:72,1
DA:75,2
DA:76,2
DA:77,1
DA:79,1
DA:80,1
DA:83,6
DA:84,6
LF:43
LH:41
BRDA:10,0,0,100
BRDA:10,0,1,100
BRDA:39,1,0,0
BRDA:39,1,1,119
BRDA:42,2,0,1
BRDA:42,2,1,118
BRDA:42,3,0,119
BRDA:42,3,1,2
BRDA:46,4,0,119
BRDA:46,4,1,117
BRDA:51,5,0,0
BRDA:51,5,1,108
BRDA:56,6,0,1
BRDA:56,6,1,107
BRDA:56,7,0,108
BRDA:56,7,1,107
BRDA:61,8,0,1
BRDA:61,8,1,106
BRDA:61,9,0,107
BRDA:61,9,1,104
BRDA:69,10,0,1
BRDA:69,10,1,1
BRDA:69,11,0,2
BRDA:69,11,1,1
BRDA:76,12,0,1
BRDA:76,12,1,1
BRDA:76,13,0,2
BRDA:76,13,1,1
BRF:28
BRH:26
end_of_record
TN:
SF:dist/common/tn-connector.js
FN:19,(anonymous_0)
FN:25,(anonymous_1)
FN:28,(anonymous_2)
FN:31,(anonymous_3)
FN:40,(anonymous_4)
FN:41,(anonymous_5)
FN:45,(anonymous_6)
FN:68,(anonymous_7)
FN:97,(anonymous_8)
FN:136,(anonymous_9)
FN:146,(anonymous_10)
FN:151,(anonymous_11)
FN:160,(anonymous_12)
FN:190,(anonymous_13)
FN:192,(anonymous_14)
FN:195,(anonymous_15)
FN:198,(anonymous_16)
FN:198,(anonymous_17)
FN:198,(anonymous_18)
FN:198,(anonymous_19)
FN:199,(anonymous_20)
FN:199,(anonymous_21)
FN:199,(anonymous_22)
FN:200,(anonymous_23)
FN:200,(anonymous_24)
FN:200,(anonymous_25)
FN:203,(anonymous_26)
FN:207,(anonymous_27)
FN:208,(anonymous_28)
FN:214,(anonymous_29)
FN:225,(anonymous_30)
FN:226,(anonymous_31)
FN:231,(anonymous_32)
FNF:33
FNH:32
FNDA:8,(anonymous_0)
FNDA:380,(anonymous_1)
FNDA:397,(anonymous_2)
FNDA:8,(anonymous_3)
FNDA:9,(anonymous_4)
FNDA:36,(anonymous_5)
FNDA:12,(anonymous_6)
FNDA:20,(anonymous_7)
FNDA:14,(anonymous_8)
FNDA:48,(anonymous_9)
FNDA:46,(anonymous_10)
FNDA:15,(anonymous_11)
FNDA:26,(anonymous_12)
FNDA:8,(anonymous_13)
FNDA:32,(anonymous_14)
FNDA:8,(anonymous_15)
FNDA:69,(anonymous_16)
FNDA:4,(anonymous_17)
FNDA:82,(anonymous_18)
FNDA:8,(anonymous_19)
FNDA:33,(anonymous_20)
FNDA:0,(anonymous_21)
FNDA:24,(anonymous_22)
FNDA:105,(anonymous_23)
FNDA:7,(anonymous_24)
FNDA:100,(anonymous_25)
FNDA:32,(anonymous_26)
FNDA:8,(anonymous_27)
FNDA:8,(anonymous_28)
FNDA:8,(anonymous_29)
FNDA:9,(anonymous_30)
FNDA:9,(anonymous_31)
FNDA:7,(anonymous_32)
DA:3,5
DA:4,5
DA:5,5
DA:6,5
DA:7,5
DA:8,5
DA:9,5
DA:10,5
DA:11,5
DA:12,5
DA:13,5
DA:14,5
DA:15,5
DA:16,5
DA:17,5
DA:20,8
DA:21,8
DA:22,8
DA:23,8
DA:26,380
DA:29,397
DA:32,8
DA:33,8
DA:34,8
DA:35,8
DA:36,8
DA:37,8
DA:38,8
DA:41,36
DA:42,9
DA:43,9
DA:46,12
DA:47,0
DA:49,12
DA:50,12
DA:51,12
DA:52,12
DA:60,12
DA:62,6
DA:63,6
DA:65,12
DA:66,12
DA:69,20
DA:84,20
DA:85,20
DA:86,20
DA:87,0
DA:89,20
DA:90,0
DA:94,0
DA:98,14
DA:106,14
DA:111,14
DA:132,14
DA:133,14
DA:134,14
DA:135,14
DA:137,48
DA:138,6
DA:139,6
DA:141,42
DA:142,42
DA:143,42
DA:145,14
DA:147,46
DA:149,14
DA:152,15
DA:153,15
DA:154,14
DA:155,14
DA:156,14
DA:157,14
DA:161,26
DA:165,26
DA:166,0
DA:168,26
DA:169,0
DA:171,26
DA:172,0
DA:176,0
DA:177,0
DA:180,26
DA:184,0
DA:188,26
DA:191,8
DA:192,32
DA:193,8
DA:196,8
DA:197,8
DA:198,82
DA:199,33
DA:200,105
DA:201,8
DA:204,32
DA:205,32
DA:208,8
DA:209,8
DA:210,8
DA:211,0
DA:212,0
DA:214,8
DA:215,8
DA:216,0
DA:217,0
DA:219,8
DA:220,8
DA:221,8
DA:226,9
DA:227,9
DA:228,9
DA:229,8
DA:230,8
DA:231,7
DA:232,7
DA:233,7
DA:237,1
DA:238,1
DA:242,1
DA:247,5
DA:248,5
LF:120
LH:106
BRDA:40,0,0,8
BRDA:46,1,0,0
BRDA:46,1,1,12
BRDA:60,2,0,6
BRDA:60,2,1,6
BRDA:60,3,0,12
BRDA:60,3,1,7
BRDA:86,4,0,0
BRDA:86,4,1,20
BRDA:86,5,0,20
BRDA:86,5,1,0
BRDA:89,6,0,0
BRDA:89,6,1,20
BRDA:89,7,0,20
BRDA:89,7,1,0
BRDA:122,8,0,14
BRDA:122,8,1,8
BRDA:137,9,0,6
BRDA:137,9,1,42
BRDA:143,10,0,17
BRDA:143,10,1,25
BRDA:143,11,0,42
BRDA:143,11,1,0
BRDA:147,12,0,20
BRDA:147,12,1,26
BRDA:153,13,0,14
BRDA:153,13,1,1
BRDA:165,14,0,0
BRDA:165,14,1,26
BRDA:168,15,0,0
BRDA:168,15,1,26
BRDA:171,16,0,0
BRDA:171,16,1,26
BRDA:171,17,0,26
BRDA:171,17,1,0
BRDA:176,18,0,0
BRDA:176,18,1,0
BRDA:180,19,0,0
BRDA:180,19,1,26
BRDA:180,20,0,26
BRDA:180,20,1,26
BRDA:180,20,2,26
BRDA:180,20,3,0
BRDA:210,21,0,0
BRDA:210,21,1,8
BRDA:215,22,0,0
BRDA:215,22,1,8
BRDA:228,23,0,8
BRDA:228,23,1,1
BRDA:230,24,0,7
BRDA:230,24,1,1
BRF:51
BRH:35
end_of_record
TN:
SF:dist/controller/tn-base-controller.js
FN:7,(anonymous_0)
FN:11,(anonymous_1)
FN:14,(anonymous_2)
FN:17,(anonymous_3)
FNF:4
FNH:4
FNDA:42,(anonymous_0)
FNDA:41,(anonymous_1)
FNDA:44,(anonymous_2)
FNDA:16,(anonymous_3)
DA:3,5
DA:4,5
DA:5,5
DA:8,42
DA:9,42
DA:12,41
DA:15,44
DA:18,16
DA:21,5
LF:9
LH:9
BRDA:15,0,0,44
BRDA:15,0,1,0
BRF:2
BRH:1
end_of_record
TN:
SF:dist/controller/tn-communication-controller.js
FN:9,(anonymous_0)
FN:21,(anonymous_1)
FN:23,(anonymous_2)
FN:38,(anonymous_3)
FN:45,(anonymous_4)
FN:45,(anonymous_5)
FN:68,(anonymous_6)
FN:70,(anonymous_7)
FN:81,(anonymous_8)
FNF:9
FNH:9
FNDA:17,(anonymous_0)
FNDA:13,(anonymous_1)
FNDA:16,(anonymous_2)
FNDA:17,(anonymous_3)
FNDA:18,(anonymous_4)
FNDA:18,(anonymous_5)
FNDA:13,(anonymous_6)
FNDA:15,(anonymous_7)
FNDA:18,(anonymous_8)
DA:3,5
DA:4,5
DA:5,5
DA:6,5
DA:7,5
DA:10,17
DA:11,17
DA:19,17
DA:22,13
DA:24,16
DA:31,16
DA:32,16
DA:33,16
DA:35,16
DA:39,17
DA:44,17
DA:45,18
DA:46,18
DA:47,18
DA:48,18
DA:50,18
DA:51,13
DA:54,5
DA:59,18
DA:60,5
DA:65,18
DA:69,13
DA:71,15
DA:72,15
DA:73,15
DA:82,18
DA:85,18
DA:86,18
DA:88,18
DA:89,5
DA:90,5
DA:92,18
DA:93,13
DA:96,5
DA:106,5
LF:40
LH:40
BRDA:32,0,0,16
BRDA:32,0,1,0
BRDA:47,1,0,18
BRDA:47,1,1,0
BRDA:50,2,0,13
BRDA:50,2,1,5
BRDA:59,3,0,5
BRDA:59,3,1,13
BRDA:59,4,0,18
BRDA:59,4,1,5
BRDA:85,5,0,18
BRDA:85,5,1,0
BRDA:88,6,0,5
BRDA:88,6,1,13
BRDA:92,7,0,13
BRDA:92,7,1,5
BRF:16
BRH:13
end_of_record
TN:
SF:dist/controller/tn-consensus-controller.js
FN:11,(anonymous_0)
FN:15,(anonymous_1)
FN:16,(anonymous_2)
FN:18,(anonymous_3)
FN:32,(anonymous_4)
FN:45,(anonymous_5)
FN:58,(anonymous_6)
FN:71,(anonymous_7)
FN:105,(anonymous_8)
FN:123,(anonymous_9)
FN:130,(anonymous_10)
FN:136,(anonymous_11)
FN:156,(anonymous_12)
FN:163,(anonymous_13)
FN:172,(anonymous_14)
FN:181,(anonymous_15)
FN:184,(anonymous_16)
FN:197,(anonymous_17)
FN:200,(anonymous_18)
FNF:19
FNH:18
FNDA:14,(anonymous_0)
FNDA:8,(anonymous_1)
FNDA:3,(anonymous_2)
FNDA:3,(anonymous_3)
FNDA:6,(anonymous_4)
FNDA:7,(anonymous_5)
FNDA:3,(anonymous_6)
FNDA:10,(anonymous_7)
FNDA:37,(anonymous_8)
FNDA:5,(anonymous_9)
FNDA:6,(anonymous_10)
FNDA:22,(anonymous_11)
FNDA:6,(anonymous_12)
FNDA:5,(anonymous_13)
FNDA:5,(anonymous_14)
FNDA:3,(anonymous_15)
FNDA:37,(anonymous_16)
FNDA:329,(anonymous_17)
FNDA:0,(anonymous_18)
DA:3,5
DA:4,5
DA:5,5
DA:6,5
DA:7,5
DA:8,5
DA:9,5
DA:12,14
DA:13,14
DA:16,8
DA:20,3
DA:21,3
DA:28,3
DA:29,3
DA:30,3
DA:33,6
DA:34,6
DA:35,1
DA:37,5
DA:38,5
DA:39,5
DA:42,0
DA:46,7
DA:47,7
DA:48,1
DA:50,6
DA:51,6
DA:52,6
DA:55,0
DA:59,3
DA:60,3
DA:61,1
DA:63,2
DA:64,2
DA:65,2
DA:68,0
DA:73,10
DA:74,10
DA:75,1
DA:77,9
DA:78,9
DA:79,2
DA:81,9
DA:82,9
DA:83,8
DA:84,8
DA:86,9
DA:87,1
DA:88,1
DA:90,8
DA:93,0
DA:94,0
DA:96,0
DA:97,0
DA:99,0
DA:100,0
DA:102,0
DA:106,37
DA:107,37
DA:108,1
DA:110,36
DA:111,36
DA:114,3
DA:115,0
DA:117,3
DA:118,3
DA:120,0
DA:124,5
DA:125,5
DA:126,1
DA:128,4
DA:129,4
DA:130,6
DA:133,3
DA:137,22
DA:138,22
DA:139,1
DA:141,21
DA:142,21
DA:147,9
DA:148,0
DA:150,9
DA:151,9
DA:153,0
DA:157,6
DA:158,6
DA:159,1
DA:161,5
DA:162,5
DA:163,5
DA:166,3
DA:170,5
DA:172,5
DA:173,5
DA:174,5
DA:175,5
DA:176,5
DA:177,5
DA:178,5
DA:182,3
DA:185,37
DA:187,37
DA:188,37
DA:190,0
DA:191,0
DA:194,0
DA:198,329
DA:201,0
DA:204,5
LF:109
LH:91
BRDA:23,0,0,3
BRDA:23,0,1,0
BRDA:23,1,0,3
BRDA:23,1,1,3
BRDA:34,2,0,1
BRDA:34,2,1,5
BRDA:47,3,0,1
BRDA:47,3,1,6
BRDA:60,4,0,1
BRDA:60,4,1,2
BRDA:73,5,0,1
BRDA:73,5,1,9
BRDA:73,6,0,10
BRDA:73,6,1,9
BRDA:74,7,0,1
BRDA:74,7,1,9
BRDA:78,8,0,2
BRDA:78,8,1,7
BRDA:86,9,0,1
BRDA:86,9,1,8
BRDA:93,10,0,0
BRDA:93,10,1,0
BRDA:96,11,0,0
BRDA:96,11,1,0
BRDA:99,12,0,0
BRDA:99,12,1,0
BRDA:107,13,0,1
BRDA:107,13,1,36
BRDA:114,14,0,0
BRDA:114,14,1,3
BRDA:117,15,0,3
BRDA:117,15,1,0
BRDA:125,16,0,1
BRDA:125,16,1,4
BRDA:138,17,0,1
BRDA:138,17,1,21
BRDA:147,18,0,0
BRDA:147,18,1,9
BRDA:150,19,0,9
BRDA:150,19,1,0
BRDA:158,20,0,1
BRDA:158,20,1,5
BRDA:179,21,0,5
BRDA:179,21,1,5
BRDA:185,22,0,37
BRDA:185,22,1,0
BRDA:185,22,2,0
BRDA:185,22,3,0
BRF:48
BRH:34
end_of_record
TN:
SF:dist/controller/tn-lifecycle-controller.js
FN:10,(anonymous_0)
FN:13,(anonymous_1)
FN:14,(anonymous_2)
FN:18,(anonymous_3)
FN:35,(anonymous_4)
FN:41,(anonymous_5)
FN:44,(anonymous_6)
FN:45,(anonymous_7)
FN:46,(anonymous_8)
FNF:9
FNH:8
FNDA:23,(anonymous_0)
FNDA:24,(anonymous_1)
FNDA:46,(anonymous_2)
FNDA:29,(anonymous_3)
FNDA:73,(anonymous_4)
FNDA:46,(anonymous_5)
FNDA:40,(anonymous_6)
FNDA:6,(anonymous_7)
FNDA:0,(anonymous_8)
DA:3,5
DA:4,5
DA:5,5
DA:6,5
DA:7,5
DA:8,5
DA:11,23
DA:14,46
DA:18,24
DA:19,29
DA:20,9
DA:23,20
DA:26,24
DA:27,24
DA:28,4
DA:29,4
DA:32,1
DA:35,73
DA:43,46
DA:44,46
DA:45,46
DA:46,46
DA:47,46
DA:51,5
LF:24
LH:24
BRDA:19,0,0,9
BRDA:19,0,1,20
BRDA:27,1,0,4
BRDA:27,1,1,20
BRDA:27,2,0,24
BRDA:27,2,1,4
BRDA:27,3,0,13
BRDA:27,3,1,11
BRDA:27,4,0,24
BRDA:27,4,1,24
BRDA:35,5,0,73
BRDA:35,5,1,73
BRDA:36,6,0,29
BRDA:36,6,1,44
BRDA:38,7,0,29
BRDA:38,7,1,15
BRDA:44,8,0,40
BRDA:44,8,1,6
BRDA:44,9,0,46
BRDA:44,9,1,46
BRDA:45,10,0,6
BRDA:45,10,1,40
BRDA:45,11,0,46
BRDA:45,11,1,46
BRDA:46,12,0,0
BRDA:46,12,1,46
BRDA:46,13,0,46
BRDA:46,13,1,46
BRF:28
BRH:27
end_of_record
TN:
SF:dist/service/routing-service.js
FN:8,(anonymous_0)
FN:16,(anonymous_1)
FN:17,(anonymous_2)
FN:17,(anonymous_3)
FN:17,(anonymous_4)
FN:22,(anonymous_5)
FN:24,(anonymous_6)
FN:25,(anonymous_7)
FN:26,(anonymous_8)
FN:27,(anonymous_9)
FN:28,(anonymous_10)
FN:31,(anonymous_11)
FN:40,(anonymous_12)
FN:54,(anonymous_13)
FN:64,(anonymous_14)
FN:78,(anonymous_15)
FN:99,(anonymous_16)
FN:102,(anonymous_17)
FN:107,(anonymous_18)
FN:109,(anonymous_19)
FN:111,(anonymous_20)
FN:113,(anonymous_21)
FN:120,(anonymous_22)
FN:157,(anonymous_23)
FN:164,(anonymous_24)
FN:179,(anonymous_25)
FN:191,(anonymous_26)
FN:199,(anonymous_27)
FN:211,(anonymous_28)
FNF:29
FNH:27
FNDA:5,(anonymous_0)
FNDA:8,(anonymous_1)
FNDA:9,(anonymous_2)
FNDA:0,(anonymous_3)
FNDA:0,(anonymous_4)
FNDA:8,(anonymous_5)
FNDA:10,(anonymous_6)
FNDA:35,(anonymous_7)
FNDA:12,(anonymous_8)
FNDA:30,(anonymous_9)
FNDA:27,(anonymous_10)
FNDA:45,(anonymous_11)
FNDA:36,(anonymous_12)
FNDA:12,(anonymous_13)
FNDA:30,(anonymous_14)
FNDA:27,(anonymous_15)
FNDA:27,(anonymous_16)
FNDA:20,(anonymous_17)
FNDA:19,(anonymous_18)
FNDA:1,(anonymous_19)
FNDA:3,(anonymous_20)
FNDA:4,(anonymous_21)
FNDA:45,(anonymous_22)
FNDA:36,(anonymous_23)
FNDA:27,(anonymous_24)
FNDA:10,(anonymous_25)
FNDA:27,(anonymous_26)
FNDA:27,(anonymous_27)
FNDA:26,(anonymous_28)
DA:3,5
DA:4,5
DA:5,5
DA:6,5
DA:8,5
DA:9,5
DA:10,5
DA:11,5
DA:12,5
DA:13,5
DA:17,9
DA:18,8
DA:19,8
DA:20,8
DA:23,8
DA:24,10
DA:25,35
DA:26,12
DA:27,30
DA:28,27
DA:32,45
DA:33,45
DA:36,9
DA:37,9
DA:38,9
DA:40,36
DA:41,36
DA:42,36
DA:43,0
DA:46,36
DA:48,36
DA:50,36
DA:55,12
DA:56,12
DA:57,12
DA:58,9
DA:59,15
DA:62,12
DA:65,30
DA:66,30
DA:67,30
DA:68,27
DA:69,27
DA:70,27
DA:71,27
DA:74,3
DA:75,3
DA:79,27
DA:80,27
DA:81,27
DA:82,2
DA:83,2
DA:87,2
DA:89,25
DA:90,25
DA:91,2
DA:92,2
DA:93,2
DA:95,23
DA:96,23
DA:97,23
DA:100,27
DA:103,20
DA:104,20
DA:107,19
DA:109,1
DA:111,3
DA:113,2
DA:114,4
DA:115,4
DA:116,4
DA:121,45
DA:122,35
DA:123,35
DA:124,35
DA:125,20
DA:131,20
DA:133,35
DA:134,5
DA:136,30
DA:137,4
DA:139,26
DA:140,26
DA:141,0
DA:145,10
DA:146,10
DA:147,10
DA:148,6
DA:149,6
DA:151,10
DA:152,10
DA:153,0
DA:158,36
DA:159,26
DA:160,26
DA:161,26
DA:162,0
DA:164,27
DA:165,26
DA:166,26
DA:167,26
DA:168,20
DA:170,26
DA:171,26
DA:172,0
DA:177,10
DA:178,10
DA:179,10
DA:180,10
DA:181,10
DA:182,10
DA:183,6
DA:185,10
DA:186,0
DA:192,27
DA:193,27
DA:194,21
DA:195,21
DA:197,27
DA:200,27
DA:201,27
DA:202,1
DA:204,26
DA:205,26
DA:206,26
DA:207,19
DA:209,26
DA:212,26
DA:213,26
DA:214,26
DA:215,24
DA:217,2
DA:218,2
DA:219,2
DA:220,2
DA:221,2
DA:223,2
DA:224,2
DA:225,2
DA:234,5
LF:140
LH:134
BRDA:14,0,0,5
BRDA:14,0,1,5
BRDA:41,1,0,26
BRDA:41,1,1,10
BRDA:42,2,0,0
BRDA:42,2,1,36
BRDA:57,3,0,9
BRDA:57,3,1,3
BRDA:62,4,0,9
BRDA:62,4,1,3
BRDA:67,5,0,27
BRDA:67,5,1,3
BRDA:81,6,0,2
BRDA:81,6,1,25
BRDA:90,7,0,2
BRDA:90,7,1,23
BRDA:100,8,0,27
BRDA:100,8,1,0
BRDA:104,9,0,13
BRDA:104,9,1,16
BRDA:104,9,2,1
BRDA:104,9,3,1
BRDA:104,9,4,2
BRDA:115,10,0,3
BRDA:115,10,1,1
BRDA:121,11,0,35
BRDA:121,11,1,10
BRDA:124,12,0,20
BRDA:124,12,1,15
BRDA:133,13,0,5
BRDA:133,13,1,30
BRDA:133,14,0,35
BRDA:133,14,1,18
BRDA:136,15,0,4
BRDA:136,15,1,26
BRDA:136,16,0,30
BRDA:136,16,1,17
BRDA:140,17,0,0
BRDA:140,17,1,26
BRDA:147,18,0,6
BRDA:147,18,1,4
BRDA:152,19,0,0
BRDA:152,19,1,10
BRDA:158,20,0,26
BRDA:158,20,1,10
BRDA:161,21,0,0
BRDA:161,21,1,26
BRDA:165,22,0,26
BRDA:165,22,1,0
BRDA:167,23,0,20
BRDA:167,23,1,6
BRDA:171,24,0,0
BRDA:171,24,1,26
BRDA:178,25,0,10
BRDA:178,25,1,0
BRDA:180,26,0,10
BRDA:180,26,1,0
BRDA:182,27,0,6
BRDA:182,27,1,4
BRDA:185,28,0,0
BRDA:185,28,1,10
BRDA:193,29,0,21
BRDA:193,29,1,6
BRDA:201,30,0,1
BRDA:201,30,1,26
BRDA:206,31,0,19
BRDA:206,31,1,7
BRDA:214,32,0,24
BRDA:214,32,1,2
BRDA:218,33,0,2
BRDA:218,33,1,0
BRDA:220,34,0,2
BRDA:220,34,1,0
BRDA:223,35,0,2
BRDA:223,35,1,0
BRF:75
BRH:62
end_of_record
TN:
SF:dist/service/tn-base-service.js
FN:8,(anonymous_0)
FN:15,(anonymous_1)
FN:21,(anonymous_2)
FN:24,(anonymous_3)
FN:27,(anonymous_4)
FN:38,(anonymous_5)
FN:39,(anonymous_6)
FN:43,(anonymous_7)
FN:56,(anonymous_8)
FNF:9
FNH:8
FNDA:6,(anonymous_0)
FNDA:32,(anonymous_1)
FNDA:206,(anonymous_2)
FNDA:36,(anonymous_3)
FNDA:83,(anonymous_4)
FNDA:106,(anonymous_5)
FNDA:63,(anonymous_6)
FNDA:0,(anonymous_7)
FNDA:56,(anonymous_8)
DA:3,5
DA:4,5
DA:5,5
DA:6,5
DA:9,6
DA:10,6
DA:13,5
DA:16,32
DA:17,32
DA:18,32
DA:19,32
DA:22,206
DA:25,36
DA:28,83
DA:29,83
DA:30,5
DA:31,5
DA:32,5
DA:33,5
DA:35,78
DA:36,78
DA:38,106
DA:40,63
DA:41,63
DA:44,0
DA:45,0
DA:46,0
DA:51,15
DA:52,15
DA:53,15
DA:54,15
DA:56,63
DA:57,56
DA:58,0
DA:61,56
DA:63,56
DA:65,63
DA:70,5
LF:38
LH:34
BRDA:22,0,0,206
BRDA:22,0,1,11
BRDA:29,1,0,5
BRDA:29,1,1,78
BRDA:44,2,0,0
BRDA:44,2,1,0
BRDA:51,3,0,6
BRDA:51,3,1,9
BRDA:57,4,0,0
BRDA:57,4,1,56
BRF:10
BRH:7
end_of_record
TN:
SF:dist/service/tn-communication-service.js
FN:8,(anonymous_0)
FN:13,(anonymous_1)
FN:15,(anonymous_2)
FN:16,(anonymous_3)
FN:17,(anonymous_4)
FN:18,(anonymous_5)
FN:19,(anonymous_6)
FN:20,(anonymous_7)
FN:21,(anonymous_8)
FN:24,(anonymous_9)
FN:59,(anonymous_10)
FN:75,(anonymous_11)
FN:76,(anonymous_12)
FN:78,(anonymous_13)
FN:79,(anonymous_14)
FN:81,(anonymous_15)
FN:82,(anonymous_16)
FN:88,(anonymous_17)
FN:104,(anonymous_18)
FNF:19
FNH:19
FNDA:8,(anonymous_0)
FNDA:8,(anonymous_1)
FNDA:8,(anonymous_2)
FNDA:18,(anonymous_3)
FNDA:14,(anonymous_4)
FNDA:18,(anonymous_5)
FNDA:14,(anonymous_6)
FNDA:18,(anonymous_7)
FNDA:15,(anonymous_8)
FNDA:8,(anonymous_9)
FNDA:18,(anonymous_10)
FNDA:14,(anonymous_11)
FNDA:16,(anonymous_12)
FNDA:18,(anonymous_13)
FNDA:18,(anonymous_14)
FNDA:14,(anonymous_15)
FNDA:15,(anonymous_16)
FNDA:18,(anonymous_17)
FNDA:15,(anonymous_18)
DA:3,5
DA:4,5
DA:5,5
DA:6,5
DA:9,8
DA:10,8
DA:11,8
DA:14,8
DA:15,8
DA:16,18
DA:17,14
DA:18,18
DA:19,14
DA:20,18
DA:21,15
DA:26,8
DA:27,8
DA:28,8
DA:29,8
DA:30,8
DA:32,8
DA:33,8
DA:35,8
DA:36,0
DA:38,8
DA:39,0
DA:41,8
DA:42,0
DA:44,8
DA:45,0
DA:47,8
DA:48,4
DA:50,8
DA:51,2
DA:53,8
DA:54,2
DA:56,8
DA:57,8
DA:60,18
DA:61,1
DA:62,1
DA:63,1
DA:64,1
DA:66,17
DA:67,17
DA:68,15
DA:71,2
DA:72,2
DA:76,16
DA:79,18
DA:82,14
DA:83,15
DA:84,15
DA:85,15
DA:89,18
DA:90,18
DA:91,0
DA:93,18
DA:94,0
DA:95,0
DA:96,0
DA:97,0
DA:100,18
DA:102,18
DA:105,15
DA:106,15
DA:107,15
DA:110,5
LF:68
LH:59
BRDA:29,0,0,8
BRDA:29,0,1,0
BRDA:32,1,0,8
BRDA:32,1,1,0
BRDA:35,2,0,0
BRDA:35,2,1,8
BRDA:35,3,0,8
BRDA:35,3,1,0
BRDA:35,4,0,8
BRDA:35,4,1,0
BRDA:38,5,0,0
BRDA:38,5,1,8
BRDA:38,6,0,8
BRDA:38,6,1,0
BRDA:38,7,0,8
BRDA:38,7,1,0
BRDA:41,8,0,0
BRDA:41,8,1,8
BRDA:41,9,0,8
BRDA:41,9,1,0
BRDA:41,10,0,8
BRDA:41,10,1,0
BRDA:44,11,0,0
BRDA:44,11,1,8
BRDA:44,12,0,8
BRDA:44,12,1,0
BRDA:44,13,0,8
BRDA:44,13,1,0
BRDA:47,14,0,4
BRDA:47,14,1,4
BRDA:48,15,0,0
BRDA:48,15,1,4
BRDA:50,16,0,2
BRDA:50,16,1,6
BRDA:50,17,0,6
BRDA:50,17,1,2
BRDA:50,18,0,8
BRDA:50,18,1,2
BRDA:53,19,0,2
BRDA:53,19,1,6
BRDA:53,20,0,6
BRDA:53,20,1,2
BRDA:53,21,0,8
BRDA:53,21,1,2
BRDA:60,22,0,1
BRDA:60,22,1,17
BRDA:90,23,0,0
BRDA:90,23,1,18
BRDA:93,24,0,0
BRDA:93,24,1,18
BRF:50
BRH:33
end_of_record
TN:
SF:dist/service/tn-consensus-service.js
FN:9,(anonymous_0)
FN:15,(anonymous_1)
FN:18,(anonymous_2)
FN:20,(anonymous_3)
FN:21,(anonymous_4)
FN:22,(anonymous_5)
FN:23,(anonymous_6)
FN:24,(anonymous_7)
FN:25,(anonymous_8)
FN:26,(anonymous_9)
FN:27,(anonymous_10)
FN:28,(anonymous_11)
FN:31,(anonymous_12)
FN:34,(anonymous_13)
FN:59,(anonymous_14)
FN:84,(anonymous_15)
FN:109,(anonymous_16)
FN:155,(anonymous_17)
FN:195,(anonymous_18)
FN:196,(anonymous_19)
FN:198,(anonymous_20)
FN:238,(anonymous_21)
FN:239,(anonymous_22)
FNF:23
FNH:23
FNDA:5,(anonymous_0)
FNDA:8,(anonymous_1)
FNDA:8,(anonymous_2)
FNDA:3,(anonymous_3)
FNDA:7,(anonymous_4)
FNDA:5,(anonymous_5)
FNDA:4,(anonymous_6)
FNDA:10,(anonymous_7)
FNDA:38,(anonymous_8)
FNDA:6,(anonymous_9)
FNDA:23,(anonymous_10)
FNDA:7,(anonymous_11)
FNDA:3,(anonymous_12)
FNDA:7,(anonymous_13)
FNDA:5,(anonymous_14)
FNDA:4,(anonymous_15)
FNDA:10,(anonymous_16)
FNDA:38,(anonymous_17)
FNDA:6,(anonymous_18)
FNDA:6,(anonymous_19)
FNDA:23,(anonymous_20)
FNDA:7,(anonymous_21)
FNDA:5,(anonymous_22)
DA:3,5
DA:4,5
DA:5,5
DA:6,5
DA:7,5
DA:9,5
DA:10,5
DA:11,5
DA:12,5
DA:16,8
DA:19,8
DA:20,3
DA:21,7
DA:22,5
DA:23,4
DA:24,10
DA:25,38
DA:26,6
DA:27,23
DA:28,7
DA:32,3
DA:35,7
DA:36,1
DA:37,1
DA:38,1
DA:39,1
DA:41,6
DA:43,5
DA:44,5
DA:46,1
DA:47,1
DA:48,1
DA:49,1
DA:52,0
DA:53,0
DA:54,0
DA:55,0
DA:60,5
DA:61,1
DA:62,1
DA:63,1
DA:64,1
DA:66,4
DA:68,3
DA:69,3
DA:71,1
DA:72,1
DA:73,1
DA:74,1
DA:77,0
DA:78,0
DA:79,0
DA:80,0
DA:85,4
DA:86,1
DA:87,1
DA:88,1
DA:89,1
DA:91,3
DA:93,2
DA:94,2
DA:96,1
DA:97,1
DA:98,1
DA:99,1
DA:102,0
DA:103,0
DA:104,0
DA:105,0
DA:110,10
DA:111,0
DA:112,0
DA:113,0
DA:114,0
DA:116,10
DA:117,10
DA:118,2
DA:120,1
DA:121,1
DA:122,1
DA:123,1
DA:126,0
DA:127,0
DA:128,0
DA:129,0
DA:132,0
DA:133,0
DA:134,0
DA:135,0
DA:138,0
DA:139,0
DA:140,0
DA:141,0
DA:144,1
DA:145,1
DA:146,1
DA:147,1
DA:152,8
DA:156,38
DA:157,1
DA:158,1
DA:159,1
DA:160,1
DA:162,37
DA:163,37
DA:164,4
DA:166,1
DA:167,1
DA:168,1
DA:169,1
DA:172,3
DA:173,3
DA:174,3
DA:175,3
DA:178,0
DA:179,0
DA:180,0
DA:181,0
DA:184,0
DA:185,0
DA:186,0
DA:187,0
DA:192,33
DA:196,6
DA:199,23
DA:200,1
DA:201,1
DA:202,1
DA:203,1
DA:205,22
DA:206,22
DA:207,10
DA:209,1
DA:210,1
DA:211,1
DA:212,1
DA:215,9
DA:216,9
DA:217,9
DA:218,9
DA:221,0
DA:222,0
DA:223,0
DA:224,0
DA:227,0
DA:228,0
DA:229,0
DA:230,0
DA:235,12
DA:239,7
DA:242,5
LF:151
LH:107
BRDA:13,0,0,5
BRDA:13,0,1,5
BRDA:35,1,0,1
BRDA:35,1,1,6
BRDA:41,2,0,5
BRDA:41,2,1,1
BRDA:41,2,2,0
BRDA:60,3,0,1
BRDA:60,3,1,4
BRDA:66,4,0,3
BRDA:66,4,1,1
BRDA:66,4,2,0
BRDA:85,5,0,1
BRDA:85,5,1,3
BRDA:91,6,0,2
BRDA:91,6,1,1
BRDA:91,6,2,0
BRDA:110,7,0,0
BRDA:110,7,1,10
BRDA:117,8,0,2
BRDA:117,8,1,8
BRDA:118,9,0,1
BRDA:118,9,1,0
BRDA:118,9,2,0
BRDA:118,9,3,0
BRDA:118,9,4,1
BRDA:156,10,0,1
BRDA:156,10,1,37
BRDA:163,11,0,4
BRDA:163,11,1,33
BRDA:164,12,0,1
BRDA:164,12,1,3
BRDA:164,12,2,0
BRDA:164,12,3,0
BRDA:199,13,0,1
BRDA:199,13,1,22
BRDA:206,14,0,10
BRDA:206,14,1,12
BRDA:207,15,0,1
BRDA:207,15,1,9
BRDA:207,15,2,0
BRDA:207,15,3,0
BRF:42
BRH:31
end_of_record
TN:
SF:dist/service/tn-lifecycle-service.js
FN:7,(anonymous_0)
FN:13,(anonymous_1)
FN:16,(anonymous_2)
FN:18,(anonymous_3)
FN:21,(anonymous_4)
FN:22,(anonymous_5)
FNF:6
FNH:6
FNDA:5,(anonymous_0)
FNDA:8,(anonymous_1)
FNDA:8,(anonymous_2)
FNDA:24,(anonymous_3)
FNDA:24,(anonymous_4)
FNDA:46,(anonymous_5)
DA:3,5
DA:4,5
DA:5,5
DA:7,5
DA:8,5
DA:9,5
DA:10,5
DA:14,8
DA:17,8
DA:18,24
DA:22,46
DA:25,5
LF:12
LH:12
BRDA:11,0,0,5
BRDA:11,0,1,5
BRF:2
BRH:2
end_of_record
